<?xml version="1.0" encoding="UTF-8"?>
<!-- Generated by org.testng.reporters.JUnitReportReporter -->
<testsuite hostname="DESKTOP-9IVHGQ7" failures="0" tests="5" name="TestScript005" time="331.783" errors="0" timestamp="2023-04-13T22:19:55 CEST" skipped="0">
  <testcase classname="TestScript005" name="testCase05" time="87.751"/>
  <system-out/>
  <testcase classname="TestScript005" name="testCase05" time="61.071"/>
  <system-out/>
  <testcase classname="TestScript005" name="testCase05" time="59.024"/>
  <system-out/>
  <testcase classname="TestScript005" name="testCase05" time="61.303"/>
  <system-out/>
  <testcase classname="TestScript005" name="testCase05" time="62.634"/>
  <system-out/>
</testsuite> <!-- TestScript005 -->
