<?xml version="1.0" encoding="UTF-8"?>
<!-- Generated by org.testng.reporters.JUnitReportReporter -->
<testsuite hostname="DESKTOP-9IVHGQ7" failures="0" tests="5" name="TestScript004" time="319.232" errors="0" timestamp="2023-04-13T18:07:05 CEST" skipped="0">
  <testcase classname="TestScript004" name="testCase04" time="52.798"/>
  <system-out/>
  <testcase classname="TestScript004" name="testCase04" time="63.357"/>
  <system-out/>
  <testcase classname="TestScript004" name="testCase04" time="53.993"/>
  <system-out/>
  <testcase classname="TestScript004" name="testCase04" time="64.509"/>
  <system-out/>
  <testcase classname="TestScript004" name="testCase04" time="84.575"/>
  <system-out/>
</testsuite> <!-- TestScript004 -->
