<?xml version="1.0" encoding="UTF-8"?>
<!-- Generated by org.testng.reporters.JUnitReportReporter -->
<testsuite hostname="DESKTOP-9IVHGQ7" failures="0" tests="5" name="TestScript006" time="468.480" errors="0" timestamp="2023-04-15T17:50:20 CEST" skipped="0">
  <testcase classname="TestScript006" name="testCase06" time="71.454"/>
  <system-out/>
  <testcase classname="TestScript006" name="testCase06" time="60.903"/>
  <system-out/>
  <testcase classname="TestScript006" name="testCase06" time="81.657"/>
  <system-out/>
  <testcase classname="TestScript006" name="testCase06" time="125.651"/>
  <system-out/>
  <testcase classname="TestScript006" name="testCase06" time="128.815"/>
  <system-out/>
</testsuite> <!-- TestScript006 -->
