<?xml version="1.0" encoding="UTF-8"?>
<!-- Generated by org.testng.reporters.JUnitReportReporter -->
<testsuite hostname="DESKTOP-9IVHGQ7" failures="0" tests="4" name="TestScript005" time="283.840" errors="0" timestamp="2023-04-14T22:26:15 CEST" skipped="0">
  <testcase classname="TestScript005" name="testCase05" time="80.412"/>
  <system-out/>
  <testcase classname="TestScript005" name="testCase05" time="73.202"/>
  <system-out/>
  <testcase classname="TestScript005" name="testCase05" time="61.509"/>
  <system-out/>
  <testcase classname="TestScript005" name="testCase05" time="68.717"/>
  <system-out/>
</testsuite> <!-- TestScript005 -->
