<?xml version="1.0" encoding="UTF-8"?>
<!-- Generated by org.testng.reporters.JUnitReportReporter -->
<testsuite hostname="DESKTOP-9IVHGQ7" failures="0" tests="5" name="TestScript006" time="287.191" errors="0" timestamp="2023-04-15T06:11:45 CEST" skipped="0">
  <testcase classname="TestScript006" name="testCase06" time="49.685"/>
  <system-out/>
  <testcase classname="TestScript006" name="testCase06" time="82.095"/>
  <system-out/>
  <testcase classname="TestScript006" name="testCase06" time="58.302"/>
  <system-out/>
  <testcase classname="TestScript006" name="testCase06" time="44.858"/>
  <system-out/>
  <testcase classname="TestScript006" name="testCase06" time="52.251"/>
  <system-out/>
</testsuite> <!-- TestScript006 -->
