<?xml version="1.0" encoding="UTF-8"?>
<!-- Generated by org.testng.reporters.JUnitReportReporter -->
<testsuite hostname="DESKTOP-9IVHGQ7" failures="0" tests="5" name="TestScript004" time="287.436" errors="0" timestamp="2023-04-12T01:17:14 CEST" skipped="0">
  <testcase classname="TestScript004" name="testCase04" time="60.128"/>
  <system-out/>
  <testcase classname="TestScript004" name="testCase04" time="50.552"/>
  <system-out/>
  <testcase classname="TestScript004" name="testCase04" time="56.246"/>
  <system-out/>
  <testcase classname="TestScript004" name="testCase04" time="55.598"/>
  <system-out/>
  <testcase classname="TestScript004" name="testCase04" time="64.912"/>
  <system-out/>
</testsuite> <!-- TestScript004 -->
