<?xml version="1.0" encoding="UTF-8"?>
<!-- Generated by org.testng.reporters.JUnitReportReporter -->
<testsuite hostname="DESKTOP-9IVHGQ7" failures="0" tests="1" name="TestScript006" time="77.052" errors="0" timestamp="2023-04-15T02:18:44 CEST" skipped="0">
  <testcase classname="TestScript006" name="testCase05" time="77.052"/>
  <system-out/>
</testsuite> <!-- TestScript006 -->
