<?xml version="1.0" encoding="UTF-8"?>
<!-- Generated by org.testng.reporters.JUnitReportReporter -->
<testsuite hostname="DESKTOP-9IVHGQ7" failures="0" tests="5" name="TestScript006" time="326.272" errors="0" timestamp="2023-04-15T05:17:32 CEST" skipped="0">
  <testcase classname="TestScript006" name="testCase05" time="59.633"/>
  <system-out/>
  <testcase classname="TestScript006" name="testCase05" time="59.064"/>
  <system-out/>
  <testcase classname="TestScript006" name="testCase05" time="78.613"/>
  <system-out/>
  <testcase classname="TestScript006" name="testCase05" time="60.627"/>
  <system-out/>
  <testcase classname="TestScript006" name="testCase05" time="68.335"/>
  <system-out/>
</testsuite> <!-- TestScript006 -->
